<?xml version="1.0" encoding="UTF-8"?>
<!-- Generated by org.testng.reporters.JUnitReportReporter -->
<testsuite skipped="0" hostname="vipin" name="Com.testscript.SelectClass" tests="1" failures="0" timestamp="07 Sep 2017 06:00:47 GMT" time="58.558" errors="0">
  <testcase name="Select" time="58.558" classname="Com.testscript.SelectClass"/>
</testsuite> <!-- Com.testscript.SelectClass -->
