<?xml version="1.0" encoding="UTF-8"?>
<!-- Generated by org.testng.reporters.JUnitReportReporter -->
<testsuite skipped="0" hostname="vipin" name="Com.testscript.Sample" tests="1" failures="0" timestamp="08 Sep 2017 03:38:55 GMT" time="0.048" errors="0">
  <testcase name="test" time="0.048" classname="Com.testscript.Sample"/>
</testsuite> <!-- Com.testscript.Sample -->
